[debug] [2023-06-21T17:28:12.955Z] ----------------------------------------------------------------------
[debug] [2023-06-21T17:28:12.958Z] Command:       C:\Program Files\nodejs\node.exe C:\Users\seojiwon\AppData\Roaming\npm\node_modules\firebase-tools\lib\bin\firebase.js serve
[debug] [2023-06-21T17:28:12.958Z] CLI Version:   12.4.0
[debug] [2023-06-21T17:28:12.959Z] Platform:      win32
[debug] [2023-06-21T17:28:12.959Z] Node Version:  v18.12.1
[debug] [2023-06-21T17:28:12.960Z] Time:          Thu Jun 22 2023 02:28:12 GMT+0900 (대한민국 표준시)
[debug] [2023-06-21T17:28:12.960Z] ----------------------------------------------------------------------
[debug] 
[debug] [2023-06-21T17:28:13.117Z] > command requires scopes: ["email","openid","https://www.googleapis.com/auth/cloudplatformprojects.readonly","https://www.googleapis.com/auth/firebase","https://www.googleapis.com/auth/cloud-platform"]
[debug] [2023-06-21T17:28:13.119Z] > authorizing via signed-in user (haenawork0502@gmail.com)
[debug] [2023-06-21T17:28:13.119Z] [iam] checking project carr-e8226 for permissions ["firebase.projects.get"]
[debug] [2023-06-21T17:28:13.123Z] >>> [apiv2][query] POST https://cloudresourcemanager.googleapis.com/v1/projects/carr-e8226:testIamPermissions [none]
[debug] [2023-06-21T17:28:13.124Z] >>> [apiv2][(partial)header] POST https://cloudresourcemanager.googleapis.com/v1/projects/carr-e8226:testIamPermissions x-goog-quota-user=projects/carr-e8226
[debug] [2023-06-21T17:28:13.125Z] >>> [apiv2][body] POST https://cloudresourcemanager.googleapis.com/v1/projects/carr-e8226:testIamPermissions {"permissions":["firebase.projects.get"]}
[debug] [2023-06-21T17:28:13.991Z] <<< [apiv2][status] POST https://cloudresourcemanager.googleapis.com/v1/projects/carr-e8226:testIamPermissions 200
[debug] [2023-06-21T17:28:13.992Z] <<< [apiv2][body] POST https://cloudresourcemanager.googleapis.com/v1/projects/carr-e8226:testIamPermissions {}
[debug] [2023-06-21T17:28:13.994Z] [iam] error while checking permissions, command may fail: FirebaseError: Authorization failed. This account is missing the following required permissions on project carr-e8226:

  firebase.projects.get
[debug] [2023-06-21T17:28:13.997Z] >>> [apiv2][query] GET https://firebase.googleapis.com/v1beta1/projects/carr-e8226 [none]
[debug] [2023-06-21T17:28:14.480Z] <<< [apiv2][status] GET https://firebase.googleapis.com/v1beta1/projects/carr-e8226 403
[debug] [2023-06-21T17:28:14.480Z] <<< [apiv2][body] GET https://firebase.googleapis.com/v1beta1/projects/carr-e8226 {"error":{"code":403,"message":"The caller does not have permission","status":"PERMISSION_DENIED"}}
[debug] [2023-06-21T17:28:14.481Z] HTTP Error: 403, The caller does not have permission
[debug] [2023-06-21T17:28:14.694Z] FirebaseError: HTTP Error: 403, The caller does not have permission
    at responseToError (C:\Users\seojiwon\AppData\Roaming\npm\node_modules\firebase-tools\lib\responseToError.js:49:12)
    at RetryOperation._fn (C:\Users\seojiwon\AppData\Roaming\npm\node_modules\firebase-tools\lib\apiv2.js:288:77)
    at process.processTicksAndRejections (node:internal/process/task_queues:95:5)
[error] 
[error] Error: Failed to get Firebase project carr-e8226. Please make sure the project exists and your account has permission to access it.
